\BOOKMARK [1][-]{section.1}{Introduction}{}% 1
\BOOKMARK [2][-]{subsection.1.1}{Objectif}{section.1}% 2
\BOOKMARK [2][-]{subsection.1.2}{Projet}{section.1}% 3
\BOOKMARK [1][-]{section.2}{ClusterShell}{}% 4
\BOOKMARK [2][-]{subsection.2.1}{Pr\351sentation}{section.2}% 5
\BOOKMARK [2][-]{subsection.2.2}{Commandes CLI}{section.2}% 6
\BOOKMARK [2][-]{subsection.2.3}{API Python}{section.2}% 7
\BOOKMARK [1][-]{section.3}{Script gestion des services}{}% 8
\BOOKMARK [2][-]{subsection.3.1}{Pr\351sentation}{section.3}% 9
\BOOKMARK [1][-]{section.4}{Script avec fichier de configuration}{}% 10
\BOOKMARK [2][-]{subsection.4.1}{Pr\351sentation}{section.4}% 11
\BOOKMARK [2][-]{subsection.4.2}{YAML}{section.4}% 12
\BOOKMARK [3][-]{subsubsection.4.2.1}{Pr\351sentation}{subsection.4.2}% 13
\BOOKMARK [3][-]{subsubsection.4.2.2}{Fichier de configuration .YAML}{subsection.4.2}% 14
\BOOKMARK [2][-]{subsection.4.3}{Installation}{section.4}% 15
\BOOKMARK [2][-]{subsection.4.4}{Script}{section.4}% 16
\BOOKMARK [2][-]{subsection.4.5}{Affichage}{section.4}% 17
\BOOKMARK [1][-]{section.5}{Cr\351ation d'une IHM}{}% 18
\BOOKMARK [2][-]{subsection.5.1}{Qt Creator et PyQt}{section.5}% 19
\BOOKMARK [3][-]{subsubsection.5.1.1}{La conversion ui > py}{subsection.5.1}% 20
\BOOKMARK [3][-]{subsubsection.5.1.2}{Les classes d'interfaces graphique}{subsection.5.1}% 21
\BOOKMARK [3][-]{subsubsection.5.1.3}{Les signaux et les slots}{subsection.5.1}% 22
\BOOKMARK [3][-]{subsubsection.5.1.4}{Le programme principal}{subsection.5.1}% 23
\BOOKMARK [3][-]{subsubsection.5.1.5}{Arborescence des fichiers}{subsection.5.1}% 24
\BOOKMARK [2][-]{subsection.5.2}{Configuration des services}{section.5}% 25
\BOOKMARK [2][-]{subsection.5.3}{Visualisation des r\351sultats}{section.5}% 26
\BOOKMARK [3][-]{subsubsection.5.3.1}{Affichage des r\351sultats}{subsection.5.3}% 27
\BOOKMARK [3][-]{subsubsection.5.3.2}{D\351tail de l'ex\351cution}{subsection.5.3}% 28
\BOOKMARK [3][-]{subsubsection.5.3.3}{L'acc\350s au diff\351rentes fonctionnalit\351s}{subsection.5.3}% 29
\BOOKMARK [2][-]{subsection.5.4}{V\351rification de l'\351tat des noeuds}{section.5}% 30
\BOOKMARK [3][-]{subsubsection.5.4.1}{Test des noeuds via la barre de saisie}{subsection.5.4}% 31
\BOOKMARK [3][-]{subsubsection.5.4.2}{Test des noeuds via un fichier}{subsection.5.4}% 32
\BOOKMARK [2][-]{subsection.5.5}{Mise en place des r\351sultats d'ex\351cution dans des logs}{section.5}% 33
\BOOKMARK [1][-]{section.6}{Sources}{}% 34
\BOOKMARK [2][-]{subsection.6.1}{R\351f\351rences}{section.6}% 35
\BOOKMARK [2][-]{subsection.6.2}{Annexes}{section.6}% 36
