\BOOKMARK [1][-]{section.1}{Introduction}{}% 1
\BOOKMARK [2][-]{subsection.1.1}{Objectif}{section.1}% 2
\BOOKMARK [2][-]{subsection.1.2}{Projet}{section.1}% 3
\BOOKMARK [1][-]{section.2}{ClusterShell}{}% 4
\BOOKMARK [2][-]{subsection.2.1}{Pr\351sentation}{section.2}% 5
\BOOKMARK [2][-]{subsection.2.2}{Commandes CLI}{section.2}% 6
\BOOKMARK [2][-]{subsection.2.3}{API Python}{section.2}% 7
\BOOKMARK [1][-]{section.3}{Script gestion des services}{}% 8
\BOOKMARK [2][-]{subsection.3.1}{Pr\351sentation}{section.3}% 9
\BOOKMARK [1][-]{section.4}{Script avec fichier de configuration}{}% 10
\BOOKMARK [1][-]{section.5}{Cr\351ation d'une IHM}{}% 11
\BOOKMARK [2][-]{subsection.5.1}{Qt Creator et PyQt}{section.5}% 12
\BOOKMARK [3][-]{subsubsection.5.1.1}{Les signaux et les slots}{subsection.5.1}% 13
\BOOKMARK [2][-]{subsection.5.2}{Visualisation des r\351sultats}{section.5}% 14
\BOOKMARK [2][-]{subsection.5.3}{Configuration des services}{section.5}% 15
\BOOKMARK [2][-]{subsection.5.4}{V\351rification de l'\351tat des noeuds}{section.5}% 16
\BOOKMARK [3][-]{subsubsection.5.4.1}{Test des noeuds via la barre de saisie}{subsection.5.4}% 17
\BOOKMARK [3][-]{subsubsection.5.4.2}{Test des noeuds via un fichier}{subsection.5.4}% 18
\BOOKMARK [2][-]{subsection.5.5}{Mise en place des r\351sultats d'ex\351cution dans des logs}{section.5}% 19
\BOOKMARK [1][-]{section.6}{Sources}{}% 20
\BOOKMARK [2][-]{subsection.6.1}{R\351f\351rences}{section.6}% 21
\BOOKMARK [2][-]{subsection.6.2}{Arborescence des fichiers}{section.6}% 22
